c:\users\owen\desktop\sim world assignment 2\newdirectxtk\xwbtool\bin\debug\vc120.pdb
c:\users\owen\desktop\sim world assignment 2\newdirectxtk\xwbtool\bin\debug\vc120.idb
c:\users\owen\desktop\sim world assignment 2\newdirectxtk\xwbtool\bin\debug\wavfilereader.obj
c:\users\owen\desktop\sim world assignment 2\newdirectxtk\xwbtool\bin\debug\xwbtool.obj
c:\users\owen\desktop\sim world assignment 2\newdirectxtk\xwbtool\bin\debug\xwbtool.ilk
c:\users\owen\desktop\sim world assignment 2\newdirectxtk\xwbtool\bin\debug\xwbtool.exe
c:\users\owen\desktop\sim world assignment 2\newdirectxtk\xwbtool\bin\debug\xwbtool.pdb
c:\users\owen\desktop\uni work year 3\ctp project experiment\newdirectxtk\xwbtool\bin\debug\wavfilereader.obj
c:\users\owen\desktop\uni work year 3\ctp project experiment\newdirectxtk\xwbtool\bin\debug\xwbtool.obj
c:\users\owen\desktop\uni work year 3\ctp project experiment\newdirectxtk\xwbtool\bin\debug\xwbtool.ilk
c:\users\owen\desktop\uni work year 3\ctp project experiment\newdirectxtk\xwbtool\bin\debug\vc120.idb
c:\users\owen\desktop\uni work year 3\ctp project experiment\newdirectxtk\xwbtool\bin\debug\vc120.pdb
c:\users\owen\desktop\uni work year 3\ctp project experiment\newdirectxtk\xwbtool\bin\debug\xwbtool.pdb
c:\users\owen\desktop\uni work year 3\ctp project experiment\newdirectxtk\xwbtool\bin\debug\xwbtool.exe
c:\users\owen\desktop\uni work year 3\ctp project experiment\newdirectxtk\xwbtool\bin\debug\xwbtool_.c7ab4186.tlog\cl.command.1.tlog
c:\users\owen\desktop\uni work year 3\ctp project experiment\newdirectxtk\xwbtool\bin\debug\xwbtool_.c7ab4186.tlog\cl.read.1.tlog
c:\users\owen\desktop\uni work year 3\ctp project experiment\newdirectxtk\xwbtool\bin\debug\xwbtool_.c7ab4186.tlog\cl.write.1.tlog
c:\users\owen\desktop\uni work year 3\ctp project experiment\newdirectxtk\xwbtool\bin\debug\xwbtool_.c7ab4186.tlog\link.command.1.tlog
c:\users\owen\desktop\uni work year 3\ctp project experiment\newdirectxtk\xwbtool\bin\debug\xwbtool_.c7ab4186.tlog\link.read.1.tlog
c:\users\owen\desktop\uni work year 3\ctp project experiment\newdirectxtk\xwbtool\bin\debug\xwbtool_.c7ab4186.tlog\link.write.1.tlog
