  xwbtool.cpp
  WAVFileReader.cpp
c:\program files (x86)\windows kits\8.1\include\um\directxmath.h(1714): warning C4838: conversion from 'unsigned int' to 'int32_t' requires a narrowing conversion
c:\program files (x86)\windows kits\8.1\include\um\directxmath.h(1715): warning C4838: conversion from 'unsigned int' to 'int32_t' requires a narrowing conversion
c:\program files (x86)\windows kits\8.1\include\um\directxmath.h(1716): warning C4838: conversion from 'unsigned int' to 'int32_t' requires a narrowing conversion
c:\program files (x86)\windows kits\8.1\include\um\directxmath.h(1717): warning C4838: conversion from 'unsigned int' to 'int32_t' requires a narrowing conversion
c:\program files (x86)\windows kits\8.1\include\um\directxmath.h(1718): warning C4838: conversion from 'unsigned int' to 'int32_t' requires a narrowing conversion
c:\program files (x86)\windows kits\8.1\include\um\directxmath.h(1719): warning C4838: conversion from 'unsigned int' to 'int32_t' requires a narrowing conversion
c:\program files (x86)\windows kits\8.1\include\um\directxmath.h(1720): warning C4838: conversion from 'unsigned int' to 'int32_t' requires a narrowing conversion
c:\program files (x86)\windows kits\8.1\include\um\directxmath.h(1744): warning C4838: conversion from 'unsigned int' to 'int32_t' requires a narrowing conversion
c:\program files (x86)\windows kits\8.1\include\um\directxmath.h(1745): warning C4838: conversion from 'unsigned int' to 'int32_t' requires a narrowing conversion
c:\program files (x86)\windows kits\8.1\include\um\directxmath.h(1746): warning C4838: conversion from 'unsigned int' to 'int32_t' requires a narrowing conversion
c:\program files (x86)\windows kits\8.1\include\um\directxmath.h(1749): warning C4838: conversion from 'unsigned int' to 'int32_t' requires a narrowing conversion
c:\program files (x86)\windows kits\8.1\include\um\directxmath.h(1750): warning C4838: conversion from 'unsigned int' to 'int32_t' requires a narrowing conversion
c:\program files (x86)\windows kits\8.1\include\um\directxmath.h(1753): warning C4838: conversion from 'unsigned int' to 'int32_t' requires a narrowing conversion
c:\program files (x86)\windows kits\8.1\include\um\directxmath.h(1757): warning C4838: conversion from 'unsigned int' to 'int32_t' requires a narrowing conversion
c:\program files (x86)\windows kits\8.1\include\um\directxmath.h(1767): warning C4838: conversion from 'const uint32_t' to 'int32_t' requires a narrowing conversion
c:\program files (x86)\windows kits\8.1\include\um\directxmath.h(1768): warning C4838: conversion from 'const uint32_t' to 'int32_t' requires a narrowing conversion
c:\program files (x86)\windows kits\8.1\include\um\directxmath.h(1770): warning C4838: conversion from 'const uint32_t' to 'int32_t' requires a narrowing conversion
c:\program files (x86)\windows kits\8.1\include\um\directxmath.h(1771): warning C4838: conversion from 'const uint32_t' to 'int32_t' requires a narrowing conversion
c:\program files (x86)\windows kits\8.1\include\um\directxmath.h(1772): warning C4838: conversion from 'const uint32_t' to 'int32_t' requires a narrowing conversion
c:\program files (x86)\windows kits\8.1\include\um\directxmath.h(1773): warning C4838: conversion from 'const uint32_t' to 'int32_t' requires a narrowing conversion
c:\program files (x86)\windows kits\8.1\include\um\directxmath.h(1776): warning C4838: conversion from 'unsigned int' to 'int32_t' requires a narrowing conversion
c:\program files (x86)\windows kits\8.1\include\um\directxmath.h(1777): warning C4838: conversion from 'unsigned int' to 'int32_t' requires a narrowing conversion
c:\program files (x86)\windows kits\8.1\include\um\directxmath.h(1778): warning C4838: conversion from 'unsigned int' to 'int32_t' requires a narrowing conversion
c:\program files (x86)\windows kits\8.1\include\um\directxmath.h(1779): warning C4838: conversion from 'unsigned int' to 'int32_t' requires a narrowing conversion
c:\program files (x86)\windows kits\8.1\include\um\directxmath.h(1780): warning C4838: conversion from 'unsigned int' to 'int32_t' requires a narrowing conversion
c:\program files (x86)\windows kits\8.1\include\um\directxmath.h(1781): warning C4838: conversion from 'unsigned int' to 'int32_t' requires a narrowing conversion
c:\program files (x86)\windows kits\8.1\include\um\directxmath.h(1787): warning C4838: conversion from 'unsigned int' to 'int32_t' requires a narrowing conversion
c:\program files (x86)\windows kits\8.1\include\um\directxmath.h(1801): warning C4838: conversion from 'unsigned int' to 'int32_t' requires a narrowing conversion
c:\program files (x86)\windows kits\8.1\include\um\directxmath.h(1802): warning C4838: conversion from 'unsigned int' to 'int32_t' requires a narrowing conversion
c:\program files (x86)\windows kits\8.1\include\um\directxmath.h(1804): warning C4838: conversion from 'unsigned int' to 'int32_t' requires a narrowing conversion
c:\program files (x86)\windows kits\8.1\include\um\directxmathmisc.inl(421): warning C4838: conversion from 'unsigned int' to 'int32_t' requires a narrowing conversion
c:\program files (x86)\windows kits\8.1\include\um\directxmathmisc.inl(422): warning C4838: conversion from 'unsigned int' to 'int32_t' requires a narrowing conversion
c:\program files (x86)\windows kits\8.1\include\um\directxpackedvector.inl(868): warning C4838: conversion from 'unsigned int' to 'int32_t' requires a narrowing conversion
c:\program files (x86)\windows kits\8.1\include\um\directxcollision.inl(2553): warning C4838: conversion from 'const uint32_t' to 'int32_t' requires a narrowing conversion
c:\program files (x86)\windows kits\8.1\include\um\directxcollision.inl(2557): warning C4838: conversion from 'const uint32_t' to 'int32_t' requires a narrowing conversion
c:\program files (x86)\windows kits\8.1\include\um\directxcollision.inl(3371): warning C4838: conversion from 'const uint32_t' to 'int32_t' requires a narrowing conversion
c:\program files (x86)\windows kits\8.1\include\um\directxcollision.inl(3375): warning C4838: conversion from 'const uint32_t' to 'int32_t' requires a narrowing conversion
c:\program files (x86)\windows kits\8.1\include\um\directxcollision.inl(4432): warning C4838: conversion from 'const uint32_t' to 'int32_t' requires a narrowing conversion
c:\program files (x86)\windows kits\8.1\include\um\directxcollision.inl(4436): warning C4838: conversion from 'const uint32_t' to 'int32_t' requires a narrowing conversion
c:\program files (x86)\windows kits\8.1\include\um\directxcollision.inl(4440): warning C4838: conversion from 'const uint32_t' to 'int32_t' requires a narrowing conversion
c:\program files (x86)\windows kits\8.1\include\um\directxcollision.inl(4444): warning C4838: conversion from 'const uint32_t' to 'int32_t' requires a narrowing conversion
c:\program files (x86)\windows kits\8.1\include\um\directxcollision.inl(4448): warning C4838: conversion from 'const uint32_t' to 'int32_t' requires a narrowing conversion
  Generating Code...
  XWBTool_Desktop_2013.vcxproj -> D:\GIT repos\GrassSystem\CTP project experiment\NewDirectXTK\xwbtool\bin\Debug\XWBTool.exe
  XWBTool_Desktop_2013.vcxproj -> D:\GIT repos\GrassSystem\CTP project experiment\NewDirectXTK\xwbtool\bin\Debug\XWBTool.pdb (Full PDB)
