d:\git repos\grasssystem\ctp project experiment\newdirectxtk\game\debug\vc140.pdb
d:\git repos\grasssystem\ctp project experiment\newdirectxtk\game\debug\vc140.idb
d:\git repos\grasssystem\ctp project experiment\newdirectxtk\game\debug\tpscamera.obj
d:\git repos\grasssystem\ctp project experiment\newdirectxtk\game\debug\terrain.obj
d:\git repos\grasssystem\ctp project experiment\newdirectxtk\game\debug\vbsnail.obj
d:\git repos\grasssystem\ctp project experiment\newdirectxtk\game\debug\textgo2d.obj
d:\git repos\grasssystem\ctp project experiment\newdirectxtk\game\debug\softbody.obj
d:\git repos\grasssystem\ctp project experiment\newdirectxtk\game\debug\node.obj
d:\git repos\grasssystem\ctp project experiment\newdirectxtk\game\debug\main.obj
d:\git repos\grasssystem\ctp project experiment\newdirectxtk\game\debug\light.obj
d:\git repos\grasssystem\ctp project experiment\newdirectxtk\game\debug\imagego2d.obj
d:\git repos\grasssystem\ctp project experiment\newdirectxtk\game\debug\grsoft.obj
d:\git repos\grasssystem\ctp project experiment\newdirectxtk\game\debug\grassspawner.obj
d:\git repos\grasssystem\ctp project experiment\newdirectxtk\game\debug\grassfile.obj
d:\git repos\grasssystem\ctp project experiment\newdirectxtk\game\debug\grass.obj
d:\git repos\grasssystem\ctp project experiment\newdirectxtk\game\debug\gameobject2d.obj
d:\git repos\grasssystem\ctp project experiment\newdirectxtk\game\debug\app.obj
d:\git repos\grasssystem\ctp project experiment\newdirectxtk\game\debug\gameobject.obj
d:\git repos\grasssystem\ctp project experiment\newdirectxtk\game\debug\game.obj
d:\git repos\grasssystem\ctp project experiment\newdirectxtk\game\debug\filevbgo.obj
d:\git repos\grasssystem\ctp project experiment\newdirectxtk\game\debug\cmogo.obj
d:\git repos\grasssystem\ctp project experiment\newdirectxtk\game\debug\camera.obj
d:\git repos\grasssystem\ctp project experiment\newdirectxtk\game\debug\vbgo.obj
d:\git repos\grasssystem\ctp project experiment\newdirectxtk\game\debug\vbcube.obj
d:\git repos\grasssystem\ctp project experiment\newdirectxtk\game\debug\player.obj
d:\git repos\grasssystem\ctp project experiment\newdirectxtk\game\debug\tree.obj
d:\git repos\grasssystem\ctp project experiment\newdirectxtk\game\debug\treebit.obj
d:\git repos\grasssystem\ctp project experiment\newdirectxtk\debug\game.ilk
d:\git repos\grasssystem\ctp project experiment\newdirectxtk\debug\game.exe
d:\git repos\grasssystem\ctp project experiment\newdirectxtk\debug\game.pdb
d:\git repos\grasssystem\ctp project experiment\newdirectxtk\game\debug\tutorial01.res
d:\git repos\grasssystem\ctp project experiment\newdirectxtk\game\debug\game.tlog\cl.command.1.tlog
d:\git repos\grasssystem\ctp project experiment\newdirectxtk\game\debug\game.tlog\cl.read.1.tlog
d:\git repos\grasssystem\ctp project experiment\newdirectxtk\game\debug\game.tlog\cl.write.1.tlog
d:\git repos\grasssystem\ctp project experiment\newdirectxtk\game\debug\game.tlog\link.command.1.tlog
d:\git repos\grasssystem\ctp project experiment\newdirectxtk\game\debug\game.tlog\link.read.1.tlog
d:\git repos\grasssystem\ctp project experiment\newdirectxtk\game\debug\game.tlog\link.write.1.tlog
d:\git repos\grasssystem\ctp project experiment\newdirectxtk\game\debug\game.tlog\rc.command.1.tlog
d:\git repos\grasssystem\ctp project experiment\newdirectxtk\game\debug\game.tlog\rc.read.1.tlog
d:\git repos\grasssystem\ctp project experiment\newdirectxtk\game\debug\game.tlog\rc.write.1.tlog
