\\nstu-uwe03\users3$\o2-ruddle\windows\desktop\sim world assignment 2\newdirectxtk\debug\grass.dds
c:\programdata\nvidia corporation\drs\nvapptimestamps
\\nstu-uwe03\users3$\o2-ruddle\windows\desktop\sim world assignment 2\newdirectxtk\debug\white.dds
\\nstu-uwe03\users3$\o2-ruddle\windows\desktop\sim world assignment 2\newdirectxtk\debug\logo_small.dds
c:\users\owen\desktop\sim world assignment 2\newdirectxtk\debug\grass.dds
c:\users\owen\desktop\sim world assignment 2\newdirectxtk\debug\white.dds
c:\users\owen\desktop\sim world assignment 2\newdirectxtk\debug\logo_small.dds
e:\uni year 2\sim worlds\sim world assignment 2\newdirectxtk\debug\grass.dds
c:\users\owen\desktop\sim world assignment 2\newdirectxtk\assets\table.fbm\jalka.png
c:\users\owen\desktop\sim world assignment 2\newdirectxtk\assets\table.fbm\poytalevy.png
c:\users\owen\desktop\sim world assignment 2\newdirectxtk\debug\table.cmo
c:\users\owen\desktop\sim world assignment 2\newdirectxtk\debug\_program files (x86)_microsoft visual studio 12.0_common7_ide_extensions_microsoft_vsgraphics_assets_effects_phong.dgsl.cso
c:\users\owen\desktop\sim world assignment 2\newdirectxtk\debug\_users_owen_desktop_sim world assignment 2_newdirectxtk_assets_table.fbm_jalka.png.dds
c:\users\owen\desktop\sim world assignment 2\newdirectxtk\debug\_users_owen_desktop_sim world assignment 2_newdirectxtk_assets_table.fbm_poytalevy.png.dds
\\nstu-uwe03\users3$\o2-ruddle\windows\desktop\sim world assignment 2\newdirectxtk\debug\jemina vase -up.cmo
\\nstu-uwe03\users3$\o2-ruddle\windows\desktop\sim world assignment 2\newdirectxtk\debug\_program files (x86)_microsoft visual studio 12.0_common7_ide_extensions_microsoft_vsgraphics_assets_effects_phong.dgsl.cso
\\nstu-uwe03\users3$\o2-ruddle\windows\desktop\sim world assignment 2\newdirectxtk\debug\__nstu-uwe03_users3$_o2-ruddle_windows_desktop_sim world assignment 2_newdirectxtk_assets_jemina vase__df.jpg.dds
\\nstu-uwe03\users3$\o2-ruddle\windows\desktop\sim world assignment 2\newdirectxtk\debug\birdmodelv1.cmo
\\nstu-uwe03\users3$\o2-ruddle\windows\desktop\sim world assignment 2\newdirectxtk\debug\_program files (x86)_microsoft visual studio 12.0_common7_ide_extensions_microsoft_vsgraphics_assets_effects_lambert.dgsl.cso
\\nstu-uwe03\users3$\o2-ruddle\windows\desktop\sim world assignment 2\newdirectxtk\debug\__nstu-uwe03_users3$_o2-ruddle_windows_desktop_sim world assignment 2_newdirectxtk_assets_birdtext6.jpg.dds
\\nstu-uwe03\users3$\o2-ruddle\windows\desktop\sim world assignment 2\newdirectxtk\debug\__nstu-uwe03_users3$_o2-ruddle_windows_desktop_sim world assignment 2_newdirectxtk_assets_birdtext7.jpg.dds
\\nstu-uwe03\users3$\o2-ruddle\windows\desktop\sim world assignment 2\newdirectxtk\debug\__nstu-uwe03_users3$_o2-ruddle_windows_desktop_sim world assignment 2_newdirectxtk_assets_birdtext9.jpg.dds
\\nstu-uwe03\users3$\o2-ruddle\windows\desktop\sim world assignment 2\newdirectxtk\debug\__nstu-uwe03_users3$_o2-ruddle_windows_desktop_sim world assignment 2_newdirectxtk_assets_birdtext10.jpg.dds
c:\users\owen\desktop\sim world assignment 2\newdirectxtk\debug\jemina vase -up.cmo
c:\users\owen\desktop\sim world assignment 2\newdirectxtk\debug\_users_owen_desktop_sim world assignment 2_newdirectxtk_assets_jemina vase__df.jpg.dds
c:\users\owen\desktop\sim world assignment 2\newdirectxtk\debug\birdmodelv1.cmo
c:\users\owen\desktop\sim world assignment 2\newdirectxtk\debug\_program files (x86)_microsoft visual studio 12.0_common7_ide_extensions_microsoft_vsgraphics_assets_effects_lambert.dgsl.cso
c:\users\owen\desktop\sim world assignment 2\newdirectxtk\debug\_users_owen_desktop_sim world assignment 2_newdirectxtk_assets_birdtext6.jpg.dds
c:\users\owen\desktop\sim world assignment 2\newdirectxtk\debug\_users_owen_desktop_sim world assignment 2_newdirectxtk_assets_birdtext7.jpg.dds
c:\users\owen\desktop\sim world assignment 2\newdirectxtk\debug\_users_owen_desktop_sim world assignment 2_newdirectxtk_assets_birdtext9.jpg.dds
c:\users\owen\desktop\sim world assignment 2\newdirectxtk\debug\_users_owen_desktop_sim world assignment 2_newdirectxtk_assets_birdtext10.jpg.dds
c:\users\owen\desktop\sim world assignment 2\newdirectxtk\debug\sphere.cmo
e:\uni year 2\sim worlds\sim world assignment 2\newdirectxtk\assets\table.fbm\jalka.png
e:\uni year 2\sim worlds\sim world assignment 2\newdirectxtk\assets\table.fbm\poytalevy.png
e:\uni year 2\sim worlds\sim world assignment 2\newdirectxtk\debug\table.cmo
e:\uni year 2\sim worlds\sim world assignment 2\newdirectxtk\debug\_program files (x86)_microsoft visual studio 12.0_common7_ide_extensions_microsoft_vsgraphics_assets_effects_phong.dgsl.cso
e:\uni year 2\sim worlds\sim world assignment 2\newdirectxtk\debug\_uni year 2_sim worlds_sim world assignment 2_newdirectxtk_assets_table.fbm_jalka.png.dds
e:\uni year 2\sim worlds\sim world assignment 2\newdirectxtk\debug\_uni year 2_sim worlds_sim world assignment 2_newdirectxtk_assets_table.fbm_poytalevy.png.dds
\\nstu-uwe03\users3$\o2-ruddle\windows\desktop\sim world assignment 2\newdirectxtk\debug\sphere.cmo
c:\users\owen\desktop\uni work year 3\ctp project experiment\newdirectxtk\assets\debug\assets.tlog\imagecontenttask-vsgraphics.11208.read.1.tlog
c:\users\owen\desktop\uni work year 3\ctp project experiment\newdirectxtk\assets\debug\assets.tlog\imagecontenttask-vsgraphics.11208.read.2.tlog
c:\users\owen\desktop\uni work year 3\ctp project experiment\newdirectxtk\assets\debug\assets.tlog\imagecontenttask-vsgraphics.11208.write.1.tlog
c:\users\owen\desktop\uni work year 3\ctp project experiment\newdirectxtk\assets\debug\assets.tlog\imagecontenttask-vsgraphics.11208.write.2.tlog
c:\users\owen\desktop\uni work year 3\ctp project experiment\newdirectxtk\assets\debug\assets.tlog\imagecontenttask-vsgraphics.2808.read.1.tlog
c:\users\owen\desktop\uni work year 3\ctp project experiment\newdirectxtk\assets\debug\assets.tlog\imagecontenttask-vsgraphics.2808.read.2.tlog
c:\users\owen\desktop\uni work year 3\ctp project experiment\newdirectxtk\assets\debug\assets.tlog\imagecontenttask-vsgraphics.2808.write.1.tlog
c:\users\owen\desktop\uni work year 3\ctp project experiment\newdirectxtk\assets\debug\assets.tlog\imagecontenttask-vsgraphics.2808.write.2.tlog
c:\users\owen\desktop\uni work year 3\ctp project experiment\newdirectxtk\assets\debug\assets.tlog\imagecontenttask-vsgraphics.4004.read.1.tlog
c:\users\owen\desktop\uni work year 3\ctp project experiment\newdirectxtk\assets\debug\assets.tlog\imagecontenttask-vsgraphics.4004.read.2.tlog
c:\users\owen\desktop\uni work year 3\ctp project experiment\newdirectxtk\assets\debug\assets.tlog\imagecontenttask-vsgraphics.4004.write.1.tlog
c:\users\owen\desktop\uni work year 3\ctp project experiment\newdirectxtk\assets\debug\assets.tlog\imagecontenttask-vsgraphics.4004.write.2.tlog
c:\users\owen\desktop\uni work year 3\ctp project experiment\newdirectxtk\assets\debug\assets.tlog\imagecontenttask-vsgraphics.4528.read.1.tlog
c:\users\owen\desktop\uni work year 3\ctp project experiment\newdirectxtk\assets\debug\assets.tlog\imagecontenttask-vsgraphics.4528.read.2.tlog
c:\users\owen\desktop\uni work year 3\ctp project experiment\newdirectxtk\assets\debug\assets.tlog\imagecontenttask-vsgraphics.4528.write.1.tlog
c:\users\owen\desktop\uni work year 3\ctp project experiment\newdirectxtk\assets\debug\assets.tlog\imagecontenttask-vsgraphics.4528.write.2.tlog
c:\users\owen\desktop\uni work year 3\ctp project experiment\newdirectxtk\assets\debug\assets.tlog\imagecontenttask-vsgraphics.4604.read.1.tlog
c:\users\owen\desktop\uni work year 3\ctp project experiment\newdirectxtk\assets\debug\assets.tlog\imagecontenttask-vsgraphics.4604.read.2.tlog
c:\users\owen\desktop\uni work year 3\ctp project experiment\newdirectxtk\assets\debug\assets.tlog\imagecontenttask-vsgraphics.4604.write.1.tlog
c:\users\owen\desktop\uni work year 3\ctp project experiment\newdirectxtk\assets\debug\assets.tlog\imagecontenttask-vsgraphics.4604.write.2.tlog
c:\users\owen\desktop\uni work year 3\ctp project experiment\newdirectxtk\assets\debug\assets.tlog\imagecontenttask-vsgraphics.6888.read.1.tlog
c:\users\owen\desktop\uni work year 3\ctp project experiment\newdirectxtk\assets\debug\assets.tlog\imagecontenttask-vsgraphics.6888.read.2.tlog
c:\users\owen\desktop\uni work year 3\ctp project experiment\newdirectxtk\assets\debug\assets.tlog\imagecontenttask-vsgraphics.6888.write.1.tlog
c:\users\owen\desktop\uni work year 3\ctp project experiment\newdirectxtk\assets\debug\assets.tlog\imagecontenttask-vsgraphics.6888.write.2.tlog
c:\users\owen\desktop\uni work year 3\ctp project experiment\newdirectxtk\assets\debug\assets.tlog\imagecontenttask-vsgraphics.7160.read.1.tlog
c:\users\owen\desktop\uni work year 3\ctp project experiment\newdirectxtk\assets\debug\assets.tlog\imagecontenttask-vsgraphics.7160.read.2.tlog
c:\users\owen\desktop\uni work year 3\ctp project experiment\newdirectxtk\assets\debug\assets.tlog\imagecontenttask-vsgraphics.7160.write.1.tlog
c:\users\owen\desktop\uni work year 3\ctp project experiment\newdirectxtk\assets\debug\assets.tlog\imagecontenttask-vsgraphics.7160.write.2.tlog
c:\users\owen\desktop\uni work year 3\ctp project experiment\newdirectxtk\assets\debug\assets.tlog\imagecontenttask-vsgraphics.7232.read.1.tlog
c:\users\owen\desktop\uni work year 3\ctp project experiment\newdirectxtk\assets\debug\assets.tlog\imagecontenttask-vsgraphics.7232.read.2.tlog
c:\users\owen\desktop\uni work year 3\ctp project experiment\newdirectxtk\assets\debug\assets.tlog\imagecontenttask-vsgraphics.7232.write.1.tlog
c:\users\owen\desktop\uni work year 3\ctp project experiment\newdirectxtk\assets\debug\assets.tlog\imagecontenttask-vsgraphics.7232.write.2.tlog
c:\users\owen\desktop\uni work year 3\ctp project experiment\newdirectxtk\assets\debug\assets.tlog\imagecontenttask-vsgraphics.read.1.tlog
c:\users\owen\desktop\uni work year 3\ctp project experiment\newdirectxtk\assets\debug\assets.tlog\imagecontenttask-vsgraphics.read.2.tlog
c:\users\owen\desktop\uni work year 3\ctp project experiment\newdirectxtk\assets\debug\assets.tlog\imagecontenttask-vsgraphics.write.1.tlog
c:\users\owen\desktop\uni work year 3\ctp project experiment\newdirectxtk\assets\debug\assets.tlog\imagecontenttask-vsgraphics.write.2.tlog
c:\users\owen\desktop\uni work year 3\ctp project experiment\newdirectxtk\assets\debug\assets.tlog\meshcontenttask-vsgraphics.10176.read.1.tlog
c:\users\owen\desktop\uni work year 3\ctp project experiment\newdirectxtk\assets\debug\assets.tlog\meshcontenttask-vsgraphics.10176.read.2.tlog
c:\users\owen\desktop\uni work year 3\ctp project experiment\newdirectxtk\assets\debug\assets.tlog\meshcontenttask-vsgraphics.10176.write.1.tlog
c:\users\owen\desktop\uni work year 3\ctp project experiment\newdirectxtk\assets\debug\assets.tlog\meshcontenttask-vsgraphics.10176.write.2.tlog
c:\users\owen\desktop\uni work year 3\ctp project experiment\newdirectxtk\assets\debug\assets.tlog\meshcontenttask-vsgraphics.4300.read.1.tlog
c:\users\owen\desktop\uni work year 3\ctp project experiment\newdirectxtk\assets\debug\assets.tlog\meshcontenttask-vsgraphics.4300.read.2.tlog
c:\users\owen\desktop\uni work year 3\ctp project experiment\newdirectxtk\assets\debug\assets.tlog\meshcontenttask-vsgraphics.4300.write.1.tlog
c:\users\owen\desktop\uni work year 3\ctp project experiment\newdirectxtk\assets\debug\assets.tlog\meshcontenttask-vsgraphics.4300.write.2.tlog
c:\users\owen\desktop\uni work year 3\ctp project experiment\newdirectxtk\assets\debug\assets.tlog\meshcontenttask-vsgraphics.6836.read.1.tlog
c:\users\owen\desktop\uni work year 3\ctp project experiment\newdirectxtk\assets\debug\assets.tlog\meshcontenttask-vsgraphics.6836.read.2.tlog
c:\users\owen\desktop\uni work year 3\ctp project experiment\newdirectxtk\assets\debug\assets.tlog\meshcontenttask-vsgraphics.6836.write.1.tlog
c:\users\owen\desktop\uni work year 3\ctp project experiment\newdirectxtk\assets\debug\assets.tlog\meshcontenttask-vsgraphics.6836.write.2.tlog
c:\users\owen\desktop\uni work year 3\ctp project experiment\newdirectxtk\assets\debug\assets.tlog\meshcontenttask-vsgraphics.7192.read.1.tlog
c:\users\owen\desktop\uni work year 3\ctp project experiment\newdirectxtk\assets\debug\assets.tlog\meshcontenttask-vsgraphics.7192.read.2.tlog
c:\users\owen\desktop\uni work year 3\ctp project experiment\newdirectxtk\assets\debug\assets.tlog\meshcontenttask-vsgraphics.7192.write.1.tlog
c:\users\owen\desktop\uni work year 3\ctp project experiment\newdirectxtk\assets\debug\assets.tlog\meshcontenttask-vsgraphics.7192.write.2.tlog
c:\users\owen\desktop\uni work year 3\ctp project experiment\newdirectxtk\assets\debug\assets.tlog\meshcontenttask-vsgraphics.7256.read.1.tlog
c:\users\owen\desktop\uni work year 3\ctp project experiment\newdirectxtk\assets\debug\assets.tlog\meshcontenttask-vsgraphics.7256.read.2.tlog
c:\users\owen\desktop\uni work year 3\ctp project experiment\newdirectxtk\assets\debug\assets.tlog\meshcontenttask-vsgraphics.7256.write.1.tlog
c:\users\owen\desktop\uni work year 3\ctp project experiment\newdirectxtk\assets\debug\assets.tlog\meshcontenttask-vsgraphics.7256.write.2.tlog
c:\users\owen\desktop\uni work year 3\ctp project experiment\newdirectxtk\assets\debug\assets.tlog\meshcontenttask-vsgraphics.8224.read.1.tlog
c:\users\owen\desktop\uni work year 3\ctp project experiment\newdirectxtk\assets\debug\assets.tlog\meshcontenttask-vsgraphics.8224.read.2.tlog
c:\users\owen\desktop\uni work year 3\ctp project experiment\newdirectxtk\assets\debug\assets.tlog\meshcontenttask-vsgraphics.8224.write.1.tlog
c:\users\owen\desktop\uni work year 3\ctp project experiment\newdirectxtk\assets\debug\assets.tlog\meshcontenttask-vsgraphics.8224.write.2.tlog
c:\users\owen\desktop\uni work year 3\ctp project experiment\newdirectxtk\assets\debug\assets.tlog\meshcontenttask-vsgraphics.8608.read.1.tlog
c:\users\owen\desktop\uni work year 3\ctp project experiment\newdirectxtk\assets\debug\assets.tlog\meshcontenttask-vsgraphics.8608.read.2.tlog
c:\users\owen\desktop\uni work year 3\ctp project experiment\newdirectxtk\assets\debug\assets.tlog\meshcontenttask-vsgraphics.8608.write.1.tlog
c:\users\owen\desktop\uni work year 3\ctp project experiment\newdirectxtk\assets\debug\assets.tlog\meshcontenttask-vsgraphics.8608.write.2.tlog
c:\users\owen\desktop\uni work year 3\ctp project experiment\newdirectxtk\assets\debug\assets.tlog\meshcontenttask-vsgraphics.9040.read.1.tlog
c:\users\owen\desktop\uni work year 3\ctp project experiment\newdirectxtk\assets\debug\assets.tlog\meshcontenttask-vsgraphics.9040.read.2.tlog
c:\users\owen\desktop\uni work year 3\ctp project experiment\newdirectxtk\assets\debug\assets.tlog\meshcontenttask-vsgraphics.9040.write.1.tlog
c:\users\owen\desktop\uni work year 3\ctp project experiment\newdirectxtk\assets\debug\assets.tlog\meshcontenttask-vsgraphics.9040.write.2.tlog
c:\users\owen\desktop\uni work year 3\ctp project experiment\newdirectxtk\assets\debug\assets.tlog\meshcontenttask-vsgraphics.9324.read.1.tlog
c:\users\owen\desktop\uni work year 3\ctp project experiment\newdirectxtk\assets\debug\assets.tlog\meshcontenttask-vsgraphics.9324.read.2.tlog
c:\users\owen\desktop\uni work year 3\ctp project experiment\newdirectxtk\assets\debug\assets.tlog\meshcontenttask-vsgraphics.9324.write.1.tlog
c:\users\owen\desktop\uni work year 3\ctp project experiment\newdirectxtk\assets\debug\assets.tlog\meshcontenttask-vsgraphics.9324.write.2.tlog
c:\users\owen\desktop\uni work year 3\ctp project experiment\newdirectxtk\assets\debug\assets.tlog\meshcontenttask-vsgraphics.read.1.tlog
c:\users\owen\desktop\uni work year 3\ctp project experiment\newdirectxtk\assets\debug\assets.tlog\meshcontenttask-vsgraphics.read.2.tlog
c:\users\owen\desktop\uni work year 3\ctp project experiment\newdirectxtk\assets\debug\assets.tlog\meshcontenttask-vsgraphics.write.1.tlog
c:\users\owen\desktop\uni work year 3\ctp project experiment\newdirectxtk\assets\debug\assets.tlog\meshcontenttask-vsgraphics.write.2.tlog
